  main.cpp
C:\Users\fuper\source\repos\KursovayaMarket\KursovayaMarket\main.cpp(26,76): warning C4244: аргумент: преобразование "T" в "T", возможна потеря данных
C:\Users\fuper\source\repos\KursovayaMarket\KursovayaMarket\main.cpp(26,76): warning C4244:         with
C:\Users\fuper\source\repos\KursovayaMarket\KursovayaMarket\main.cpp(26,76): warning C4244:         [
C:\Users\fuper\source\repos\KursovayaMarket\KursovayaMarket\main.cpp(26,76): warning C4244:             T=unsigned int
C:\Users\fuper\source\repos\KursovayaMarket\KursovayaMarket\main.cpp(26,76): warning C4244:         ]
C:\Users\fuper\source\repos\KursovayaMarket\KursovayaMarket\main.cpp(26,76): warning C4244:         and
C:\Users\fuper\source\repos\KursovayaMarket\KursovayaMarket\main.cpp(26,76): warning C4244:         [
C:\Users\fuper\source\repos\KursovayaMarket\KursovayaMarket\main.cpp(26,76): warning C4244:             T=float
C:\Users\fuper\source\repos\KursovayaMarket\KursovayaMarket\main.cpp(26,76): warning C4244:         ]
  Market.cpp
C:\Users\fuper\source\repos\KursovayaMarket\KursovayaMarket\Market.cpp(8,22): warning C4244: аргумент: преобразование "time_t" в "unsigned int", возможна потеря данных
C:\Users\fuper\source\repos\KursovayaMarket\KursovayaMarket\Market.cpp(11,50): warning C4305: аргумент: усечение из "double" в "_Ty"
C:\Users\fuper\source\repos\KursovayaMarket\KursovayaMarket\Market.cpp(11,50): warning C4305:         with
C:\Users\fuper\source\repos\KursovayaMarket\KursovayaMarket\Market.cpp(11,50): warning C4305:         [
C:\Users\fuper\source\repos\KursovayaMarket\KursovayaMarket\Market.cpp(11,50): warning C4305:             _Ty=float
C:\Users\fuper\source\repos\KursovayaMarket\KursovayaMarket\Market.cpp(11,50): warning C4305:         ]
C:\Users\fuper\source\repos\KursovayaMarket\KursovayaMarket\Market.cpp(11,45): warning C4305: аргумент: усечение из "double" в "_Ty"
C:\Users\fuper\source\repos\KursovayaMarket\KursovayaMarket\Market.cpp(11,45): warning C4305:         with
C:\Users\fuper\source\repos\KursovayaMarket\KursovayaMarket\Market.cpp(11,45): warning C4305:         [
C:\Users\fuper\source\repos\KursovayaMarket\KursovayaMarket\Market.cpp(11,45): warning C4305:             _Ty=float
C:\Users\fuper\source\repos\KursovayaMarket\KursovayaMarket\Market.cpp(11,45): warning C4305:         ]
  Player.cpp
  Создание кода...
sfml-window-s.lib(VideoMode.obj) : error LNK2038: обнаружено несоответствие для "_ITERATOR_DEBUG_LEVEL": значение "0" не соответствует значению "2" в main.obj
sfml-window-s.lib(VideoMode.obj) : error LNK2038: обнаружено несоответствие для "RuntimeLibrary": значение "MD_DynamicRelease" не соответствует значению "MDd_DynamicDebug" в main.obj
sfml-window-s.lib(WindowBase.obj) : error LNK2038: обнаружено несоответствие для "_ITERATOR_DEBUG_LEVEL": значение "0" не соответствует значению "2" в main.obj
sfml-window-s.lib(WindowBase.obj) : error LNK2038: обнаружено несоответствие для "RuntimeLibrary": значение "MD_DynamicRelease" не соответствует значению "MDd_DynamicDebug" в main.obj
sfml-window-s.lib(Window.obj) : error LNK2038: обнаружено несоответствие для "_ITERATOR_DEBUG_LEVEL": значение "0" не соответствует значению "2" в main.obj
sfml-window-s.lib(Window.obj) : error LNK2038: обнаружено несоответствие для "RuntimeLibrary": значение "MD_DynamicRelease" не соответствует значению "MDd_DynamicDebug" в main.obj
sfml-window-s.lib(VideoModeImpl.obj) : error LNK2038: обнаружено несоответствие для "_ITERATOR_DEBUG_LEVEL": значение "0" не соответствует значению "2" в main.obj
sfml-window-s.lib(VideoModeImpl.obj) : error LNK2038: обнаружено несоответствие для "RuntimeLibrary": значение "MD_DynamicRelease" не соответствует значению "MDd_DynamicDebug" в main.obj
sfml-window-s.lib(WindowImpl.obj) : error LNK2038: обнаружено несоответствие для "_ITERATOR_DEBUG_LEVEL": значение "0" не соответствует значению "2" в main.obj
sfml-window-s.lib(WindowImpl.obj) : error LNK2038: обнаружено несоответствие для "RuntimeLibrary": значение "MD_DynamicRelease" не соответствует значению "MDd_DynamicDebug" в main.obj
sfml-window-s.lib(GlContext.obj) : error LNK2038: обнаружено несоответствие для "_ITERATOR_DEBUG_LEVEL": значение "0" не соответствует значению "2" в main.obj
sfml-window-s.lib(GlContext.obj) : error LNK2038: обнаружено несоответствие для "RuntimeLibrary": значение "MD_DynamicRelease" не соответствует значению "MDd_DynamicDebug" в main.obj
sfml-window-s.lib(CursorImpl.obj) : error LNK2038: обнаружено несоответствие для "_ITERATOR_DEBUG_LEVEL": значение "0" не соответствует значению "2" в main.obj
sfml-window-s.lib(CursorImpl.obj) : error LNK2038: обнаружено несоответствие для "RuntimeLibrary": значение "MD_DynamicRelease" не соответствует значению "MDd_DynamicDebug" в main.obj
sfml-window-s.lib(JoystickManager.obj) : error LNK2038: обнаружено несоответствие для "_ITERATOR_DEBUG_LEVEL": значение "0" не соответствует значению "2" в main.obj
sfml-window-s.lib(JoystickManager.obj) : error LNK2038: обнаружено несоответствие для "RuntimeLibrary": значение "MD_DynamicRelease" не соответствует значению "MDd_DynamicDebug" в main.obj
sfml-window-s.lib(SensorManager.obj) : error LNK2038: обнаружено несоответствие для "_ITERATOR_DEBUG_LEVEL": значение "0" не соответствует значению "2" в main.obj
sfml-window-s.lib(SensorManager.obj) : error LNK2038: обнаружено несоответствие для "RuntimeLibrary": значение "MD_DynamicRelease" не соответствует значению "MDd_DynamicDebug" в main.obj
sfml-window-s.lib(WindowImplWin32.obj) : error LNK2038: обнаружено несоответствие для "_ITERATOR_DEBUG_LEVEL": значение "0" не соответствует значению "2" в main.obj
sfml-window-s.lib(WindowImplWin32.obj) : error LNK2038: обнаружено несоответствие для "RuntimeLibrary": значение "MD_DynamicRelease" не соответствует значению "MDd_DynamicDebug" в main.obj
sfml-window-s.lib(VulkanImplWin32.obj) : error LNK2038: обнаружено несоответствие для "_ITERATOR_DEBUG_LEVEL": значение "0" не соответствует значению "2" в main.obj
sfml-window-s.lib(VulkanImplWin32.obj) : error LNK2038: обнаружено несоответствие для "RuntimeLibrary": значение "MD_DynamicRelease" не соответствует значению "MDd_DynamicDebug" в main.obj
sfml-window-s.lib(WglContext.obj) : error LNK2038: обнаружено несоответствие для "_ITERATOR_DEBUG_LEVEL": значение "0" не соответствует значению "2" в main.obj
sfml-window-s.lib(WglContext.obj) : error LNK2038: обнаружено несоответствие для "RuntimeLibrary": значение "MD_DynamicRelease" не соответствует значению "MDd_DynamicDebug" в main.obj
sfml-window-s.lib(Joystick.obj) : error LNK2038: обнаружено несоответствие для "_ITERATOR_DEBUG_LEVEL": значение "0" не соответствует значению "2" в main.obj
sfml-window-s.lib(Joystick.obj) : error LNK2038: обнаружено несоответствие для "RuntimeLibrary": значение "MD_DynamicRelease" не соответствует значению "MDd_DynamicDebug" в main.obj
sfml-window-s.lib(JoystickImpl.obj) : error LNK2038: обнаружено несоответствие для "_ITERATOR_DEBUG_LEVEL": значение "0" не соответствует значению "2" в main.obj
sfml-window-s.lib(JoystickImpl.obj) : error LNK2038: обнаружено несоответствие для "RuntimeLibrary": значение "MD_DynamicRelease" не соответствует значению "MDd_DynamicDebug" в main.obj
sfml-system-s.lib(String.obj) : error LNK2038: обнаружено несоответствие для "_ITERATOR_DEBUG_LEVEL": значение "0" не соответствует значению "2" в main.obj
sfml-system-s.lib(String.obj) : error LNK2038: обнаружено несоответствие для "RuntimeLibrary": значение "MD_DynamicRelease" не соответствует значению "MDd_DynamicDebug" в main.obj
sfml-system-s.lib(Err.obj) : error LNK2038: обнаружено несоответствие для "_ITERATOR_DEBUG_LEVEL": значение "0" не соответствует значению "2" в main.obj
sfml-system-s.lib(Err.obj) : error LNK2038: обнаружено несоответствие для "RuntimeLibrary": значение "MD_DynamicRelease" не соответствует значению "MDd_DynamicDebug" в main.obj
sfml-graphics-s.lib(Transformable.obj) : error LNK2038: обнаружено несоответствие для "_ITERATOR_DEBUG_LEVEL": значение "0" не соответствует значению "2" в main.obj
sfml-graphics-s.lib(Transformable.obj) : error LNK2038: обнаружено несоответствие для "RuntimeLibrary": значение "MD_DynamicRelease" не соответствует значению "MDd_DynamicDebug" в main.obj
sfml-graphics-s.lib(Color.obj) : error LNK2038: обнаружено несоответствие для "_ITERATOR_DEBUG_LEVEL": значение "0" не соответствует значению "2" в main.obj
sfml-graphics-s.lib(Color.obj) : error LNK2038: обнаружено несоответствие для "RuntimeLibrary": значение "MD_DynamicRelease" не соответствует значению "MDd_DynamicDebug" в main.obj
sfml-graphics-s.lib(Shape.obj) : error LNK2038: обнаружено несоответствие для "_ITERATOR_DEBUG_LEVEL": значение "0" не соответствует значению "2" в main.obj
sfml-graphics-s.lib(Shape.obj) : error LNK2038: обнаружено несоответствие для "RuntimeLibrary": значение "MD_DynamicRelease" не соответствует значению "MDd_DynamicDebug" в main.obj
sfml-graphics-s.lib(CircleShape.obj) : error LNK2038: обнаружено несоответствие для "_ITERATOR_DEBUG_LEVEL": значение "0" не соответствует значению "2" в main.obj
sfml-graphics-s.lib(CircleShape.obj) : error LNK2038: обнаружено несоответствие для "RuntimeLibrary": значение "MD_DynamicRelease" не соответствует значению "MDd_DynamicDebug" в main.obj
sfml-graphics-s.lib(RectangleShape.obj) : error LNK2038: обнаружено несоответствие для "_ITERATOR_DEBUG_LEVEL": значение "0" не соответствует значению "2" в main.obj
sfml-graphics-s.lib(RectangleShape.obj) : error LNK2038: обнаружено несоответствие для "RuntimeLibrary": значение "MD_DynamicRelease" не соответствует значению "MDd_DynamicDebug" в main.obj
sfml-graphics-s.lib(RenderTarget.obj) : error LNK2038: обнаружено несоответствие для "_ITERATOR_DEBUG_LEVEL": значение "0" не соответствует значению "2" в main.obj
sfml-graphics-s.lib(RenderTarget.obj) : error LNK2038: обнаружено несоответствие для "RuntimeLibrary": значение "MD_DynamicRelease" не соответствует значению "MDd_DynamicDebug" в main.obj
sfml-graphics-s.lib(RenderWindow.obj) : error LNK2038: обнаружено несоответствие для "_ITERATOR_DEBUG_LEVEL": значение "0" не соответствует значению "2" в main.obj
sfml-graphics-s.lib(RenderWindow.obj) : error LNK2038: обнаружено несоответствие для "RuntimeLibrary": значение "MD_DynamicRelease" не соответствует значению "MDd_DynamicDebug" в main.obj
sfml-graphics-s.lib(RenderStates.obj) : error LNK2038: обнаружено несоответствие для "_ITERATOR_DEBUG_LEVEL": значение "0" не соответствует значению "2" в main.obj
sfml-graphics-s.lib(RenderStates.obj) : error LNK2038: обнаружено несоответствие для "RuntimeLibrary": значение "MD_DynamicRelease" не соответствует значению "MDd_DynamicDebug" в main.obj
sfml-graphics-s.lib(Transform.obj) : error LNK2038: обнаружено несоответствие для "_ITERATOR_DEBUG_LEVEL": значение "0" не соответствует значению "2" в main.obj
sfml-graphics-s.lib(Transform.obj) : error LNK2038: обнаружено несоответствие для "RuntimeLibrary": значение "MD_DynamicRelease" не соответствует значению "MDd_DynamicDebug" в main.obj
sfml-graphics-s.lib(VertexArray.obj) : error LNK2038: обнаружено несоответствие для "_ITERATOR_DEBUG_LEVEL": значение "0" не соответствует значению "2" в main.obj
sfml-graphics-s.lib(VertexArray.obj) : error LNK2038: обнаружено несоответствие для "RuntimeLibrary": значение "MD_DynamicRelease" не соответствует значению "MDd_DynamicDebug" в main.obj
sfml-graphics-s.lib(Texture.obj) : error LNK2038: обнаружено несоответствие для "_ITERATOR_DEBUG_LEVEL": значение "0" не соответствует значению "2" в main.obj
sfml-graphics-s.lib(Texture.obj) : error LNK2038: обнаружено несоответствие для "RuntimeLibrary": значение "MD_DynamicRelease" не соответствует значению "MDd_DynamicDebug" в main.obj
sfml-graphics-s.lib(View.obj) : error LNK2038: обнаружено несоответствие для "_ITERATOR_DEBUG_LEVEL": значение "0" не соответствует значению "2" в main.obj
sfml-graphics-s.lib(View.obj) : error LNK2038: обнаружено несоответствие для "RuntimeLibrary": значение "MD_DynamicRelease" не соответствует значению "MDd_DynamicDebug" в main.obj
sfml-graphics-s.lib(Shader.obj) : error LNK2038: обнаружено несоответствие для "_ITERATOR_DEBUG_LEVEL": значение "0" не соответствует значению "2" в main.obj
sfml-graphics-s.lib(Shader.obj) : error LNK2038: обнаружено несоответствие для "RuntimeLibrary": значение "MD_DynamicRelease" не соответствует значению "MDd_DynamicDebug" в main.obj
sfml-graphics-s.lib(VertexBuffer.obj) : error LNK2038: обнаружено несоответствие для "_ITERATOR_DEBUG_LEVEL": значение "0" не соответствует значению "2" в main.obj
sfml-graphics-s.lib(VertexBuffer.obj) : error LNK2038: обнаружено несоответствие для "RuntimeLibrary": значение "MD_DynamicRelease" не соответствует значению "MDd_DynamicDebug" в main.obj
sfml-graphics-s.lib(GLExtensions.obj) : error LNK2038: обнаружено несоответствие для "_ITERATOR_DEBUG_LEVEL": значение "0" не соответствует значению "2" в main.obj
sfml-graphics-s.lib(GLExtensions.obj) : error LNK2038: обнаружено несоответствие для "RuntimeLibrary": значение "MD_DynamicRelease" не соответствует значению "MDd_DynamicDebug" в main.obj
sfml-graphics-s.lib(RenderTextureImplFBO.obj) : error LNK2038: обнаружено несоответствие для "_ITERATOR_DEBUG_LEVEL": значение "0" не соответствует значению "2" в main.obj
sfml-graphics-s.lib(RenderTextureImplFBO.obj) : error LNK2038: обнаружено несоответствие для "RuntimeLibrary": значение "MD_DynamicRelease" не соответствует значению "MDd_DynamicDebug" в main.obj
sfml-graphics-s.lib(Image.obj) : error LNK2038: обнаружено несоответствие для "_ITERATOR_DEBUG_LEVEL": значение "0" не соответствует значению "2" в main.obj
sfml-graphics-s.lib(Image.obj) : error LNK2038: обнаружено несоответствие для "RuntimeLibrary": значение "MD_DynamicRelease" не соответствует значению "MDd_DynamicDebug" в main.obj
sfml-graphics-s.lib(Glsl.obj) : error LNK2038: обнаружено несоответствие для "_ITERATOR_DEBUG_LEVEL": значение "0" не соответствует значению "2" в main.obj
sfml-graphics-s.lib(Glsl.obj) : error LNK2038: обнаружено несоответствие для "RuntimeLibrary": значение "MD_DynamicRelease" не соответствует значению "MDd_DynamicDebug" в main.obj
sfml-graphics-s.lib(ImageLoader.obj) : error LNK2038: обнаружено несоответствие для "_ITERATOR_DEBUG_LEVEL": значение "0" не соответствует значению "2" в main.obj
sfml-graphics-s.lib(ImageLoader.obj) : error LNK2038: обнаружено несоответствие для "RuntimeLibrary": значение "MD_DynamicRelease" не соответствует значению "MDd_DynamicDebug" в main.obj
LINK : warning LNK4098: библиотека по умолчанию "MSVCRT" конфликтует с использованием других библиотек; используйте /NODEFAULTLIB:library
C:\Users\fuper\source\repos\KursovayaMarket\Debug\KursovayaMarket.exe : fatal error LNK1319: обнаружено несоответствий: 70
